2019-10-05 03:42:03 AM INSERT pdo: SQLSTATE[42S22]: Column not found: 1054 Unknown column 'price' in 'field list'
2019-10-05 03:42:03 AM INSERT pdo: SQLSTATE[42S22]: Column not found: 1054 Unknown column 'price' in 'field list'
2019-10-05 07:55:35 AM INSERT pdo: SQLSTATE[42S22]: Column not found: 1054 Unknown column 'price' in 'field list'
2019-10-05 07:55:35 AM INSERT pdo: SQLSTATE[42S22]: Column not found: 1054 Unknown column 'price' in 'field list'
2019-10-15 09:36:54 AM select pdo: SQLSTATE[42S02]: Base table or view not found: 1146 Table 'news_800.galleries' doesn't exist
2019-10-15 09:36:55 AM select pdo: SQLSTATE[42S02]: Base table or view not found: 1146 Table 'news_800.galleries' doesn't exist
2019-10-15 09:36:59 AM select pdo: SQLSTATE[42S02]: Base table or view not found: 1146 Table 'news_800.galleries' doesn't exist
2019-10-15 10:40:02 AM select pdo: SQLSTATE[42S22]: Column not found: 1054 Unknown column 'productname' in 'order clause'
2019-10-15 10:50:57 AM select pdo: SQLSTATE[42S22]: Column not found: 1054 Unknown column 'productname' in 'order clause'
2019-10-15 12:53:12 PM select pdo: SQLSTATE[42S22]: Column not found: 1054 Unknown column 'productname' in 'order clause'
2019-10-15 12:57:09 PM select pdo: SQLSTATE[42S22]: Column not found: 1054 Unknown column 'productname' in 'order clause'
2019-10-15 12:59:11 PM select pdo: SQLSTATE[42S22]: Column not found: 1054 Unknown column 'productname' in 'order clause'
2019-10-15 01:01:19 PM select pdo: SQLSTATE[42S22]: Column not found: 1054 Unknown column 'productname' in 'order clause'
2019-10-15 01:03:01 PM select pdo: SQLSTATE[42S22]: Column not found: 1054 Unknown column 'productname' in 'order clause'
2019-10-15 01:03:18 PM select pdo: SQLSTATE[42S22]: Column not found: 1054 Unknown column 'productname' in 'order clause'
2019-10-15 01:20:25 PM select pdo: SQLSTATE[42S22]: Column not found: 1054 Unknown column 'productname' in 'order clause'
2019-10-15 01:21:49 PM select pdo: SQLSTATE[42S22]: Column not found: 1054 Unknown column 'productname' in 'order clause'
2019-10-15 01:23:40 PM select pdo: SQLSTATE[42S22]: Column not found: 1054 Unknown column 'productname' in 'order clause'
2019-10-15 01:24:18 PM select pdo: SQLSTATE[42S22]: Column not found: 1054 Unknown column 'productname' in 'order clause'
2019-10-15 01:27:08 PM select pdo: SQLSTATE[42S22]: Column not found: 1054 Unknown column 'productname' in 'order clause'
2019-10-15 01:27:56 PM select pdo: SQLSTATE[42S22]: Column not found: 1054 Unknown column 'productname' in 'order clause'
2019-10-15 02:34:13 PM select pdo: SQLSTATE[42S22]: Column not found: 1054 Unknown column 'productname' in 'order clause'
2019-10-16 09:05:28 AM select pdo: SQLSTATE[42S22]: Column not found: 1054 Unknown column 'productname' in 'order clause'
2019-10-16 09:20:38 AM select pdo: SQLSTATE[42S22]: Column not found: 1054 Unknown column 'productname' in 'order clause'
2019-10-16 09:22:53 AM select pdo: SQLSTATE[42S22]: Column not found: 1054 Unknown column 'productname' in 'order clause'
2019-10-16 09:24:04 AM select pdo: SQLSTATE[42S22]: Column not found: 1054 Unknown column 'productname' in 'order clause'
2019-10-16 09:25:23 AM INSERT pdo: SQLSTATE[42S22]: Column not found: 1054 Unknown column 'price' in 'field list'
2019-10-16 09:25:23 AM select pdo: SQLSTATE[42S22]: Column not found: 1054 Unknown column 'productname' in 'order clause'
2019-10-16 09:27:55 AM INSERT pdo: SQLSTATE[42S22]: Column not found: 1054 Unknown column 'title' in 'field list'
2019-10-16 04:12:02 PM select pdo: SQLSTATE[42S22]: Column not found: 1054 Unknown column 'productname' in 'order clause'
2019-10-16 04:15:00 PM select pdo: SQLSTATE[42S22]: Column not found: 1054 Unknown column 'productname' in 'order clause'
2019-10-16 04:15:03 PM select pdo: SQLSTATE[42S22]: Column not found: 1054 Unknown column 'productname' in 'order clause'
2019-10-16 04:43:32 PM select pdo: SQLSTATE[42S22]: Column not found: 1054 Unknown column 'productname' in 'order clause'
2019-10-16 04:44:22 PM select pdo: SQLSTATE[42S22]: Column not found: 1054 Unknown column 'productname' in 'order clause'
2019-10-16 04:57:13 PM select pdo: SQLSTATE[42S22]: Column not found: 1054 Unknown column 'productname' in 'order clause'
2019-10-16 04:57:14 PM select pdo: SQLSTATE[42S22]: Column not found: 1054 Unknown column 'productname' in 'order clause'
2019-10-16 04:57:20 PM select pdo: SQLSTATE[42S22]: Column not found: 1054 Unknown column 'productname' in 'order clause'
2019-10-16 04:58:05 PM select pdo: SQLSTATE[42S22]: Column not found: 1054 Unknown column 'productname' in 'order clause'
2019-10-16 05:03:27 PM select pdo: SQLSTATE[42S22]: Column not found: 1054 Unknown column 'productname' in 'order clause'
2019-10-16 05:04:19 PM select pdo: SQLSTATE[42S22]: Column not found: 1054 Unknown column 'productname' in 'order clause'
2019-10-16 05:10:24 PM select pdo: SQLSTATE[42S22]: Column not found: 1054 Unknown column 'productname' in 'order clause'
2019-10-16 05:10:57 PM select pdo: SQLSTATE[42S22]: Column not found: 1054 Unknown column 'productname' in 'order clause'
2019-10-16 05:13:26 PM select pdo: SQLSTATE[42S22]: Column not found: 1054 Unknown column 'productname' in 'order clause'
2019-10-16 05:13:27 PM select pdo: SQLSTATE[42S22]: Column not found: 1054 Unknown column 'productname' in 'order clause'
2019-10-16 05:13:40 PM select pdo: SQLSTATE[42S22]: Column not found: 1054 Unknown column 'productname' in 'order clause'
2019-10-16 05:13:40 PM select pdo: SQLSTATE[42S22]: Column not found: 1054 Unknown column 'productname' in 'order clause'
2019-10-16 05:14:39 PM select pdo: SQLSTATE[42S22]: Column not found: 1054 Unknown column 'productname' in 'order clause'
2019-10-16 05:14:40 PM select pdo: SQLSTATE[42S22]: Column not found: 1054 Unknown column 'productname' in 'order clause'
2019-10-16 05:14:45 PM select pdo: SQLSTATE[42S22]: Column not found: 1054 Unknown column 'productname' in 'order clause'
2019-10-16 05:14:51 PM select pdo: SQLSTATE[42S22]: Column not found: 1054 Unknown column 'productname' in 'order clause'
2019-10-16 05:16:55 PM select pdo: SQLSTATE[42S22]: Column not found: 1054 Unknown column 'productname' in 'order clause'
2019-10-16 05:16:57 PM select pdo: SQLSTATE[42S22]: Column not found: 1054 Unknown column 'productname' in 'order clause'
2019-10-16 05:18:32 PM select pdo: SQLSTATE[42S22]: Column not found: 1054 Unknown column 'productname' in 'order clause'
2019-10-16 05:20:22 PM select pdo: SQLSTATE[42S22]: Column not found: 1054 Unknown column 'productname' in 'order clause'
2019-10-16 05:20:23 PM select pdo: SQLSTATE[42S22]: Column not found: 1054 Unknown column 'productname' in 'order clause'
2019-10-16 05:20:52 PM select pdo: SQLSTATE[42S22]: Column not found: 1054 Unknown column 'productname' in 'order clause'
2019-10-16 05:20:53 PM select pdo: SQLSTATE[42S22]: Column not found: 1054 Unknown column 'productname' in 'order clause'
2019-10-16 05:21:39 PM select pdo: SQLSTATE[42S22]: Column not found: 1054 Unknown column 'productname' in 'order clause'
2019-10-16 05:22:12 PM select pdo: SQLSTATE[42S22]: Column not found: 1054 Unknown column 'productname' in 'order clause'
2019-10-16 05:25:21 PM select pdo: SQLSTATE[42S22]: Column not found: 1054 Unknown column 'productname' in 'order clause'
2019-10-16 05:26:53 PM select pdo: SQLSTATE[42S22]: Column not found: 1054 Unknown column 'productname' in 'order clause'
2019-10-16 05:27:10 PM select pdo: SQLSTATE[42S22]: Column not found: 1054 Unknown column 'productname' in 'order clause'
2019-10-16 05:27:12 PM select pdo: SQLSTATE[42S22]: Column not found: 1054 Unknown column 'productname' in 'order clause'
2019-10-16 05:27:13 PM select pdo: SQLSTATE[42S22]: Column not found: 1054 Unknown column 'productname' in 'order clause'
2019-10-16 05:27:13 PM select pdo: SQLSTATE[42S22]: Column not found: 1054 Unknown column 'productname' in 'order clause'
2019-10-16 05:27:28 PM select pdo: SQLSTATE[42S22]: Column not found: 1054 Unknown column 'productname' in 'order clause'
2019-10-16 05:33:18 PM select pdo: SQLSTATE[42S22]: Column not found: 1054 Unknown column 'productname' in 'order clause'
2019-10-16 05:33:48 PM select pdo: SQLSTATE[42S22]: Column not found: 1054 Unknown column 'productname' in 'order clause'
2019-10-16 05:35:35 PM select pdo: SQLSTATE[42S22]: Column not found: 1054 Unknown column 'productname' in 'order clause'
2019-10-16 05:35:37 PM select pdo: SQLSTATE[42S22]: Column not found: 1054 Unknown column 'productname' in 'order clause'
2019-10-16 05:35:37 PM select pdo: SQLSTATE[42S22]: Column not found: 1054 Unknown column 'productname' in 'order clause'
2019-10-16 05:35:37 PM select pdo: SQLSTATE[42S22]: Column not found: 1054 Unknown column 'productname' in 'order clause'
2019-10-30 08:17:49 AM select pdo: SQLSTATE[42S22]: Column not found: 1054 Unknown column 'productname' in 'order clause'
2019-11-08 12:49:33 PM select pdo: SQLSTATE[42S22]: Column not found: 1054 Unknown column 'productname' in 'order clause'
2019-11-08 12:49:54 PM select pdo: SQLSTATE[42S22]: Column not found: 1054 Unknown column 'productname' in 'order clause'
2019-11-09 11:01:17 AM select pdo: SQLSTATE[42S22]: Column not found: 1054 Unknown column 'productname' in 'order clause'
2019-11-09 11:01:27 AM select pdo: SQLSTATE[42S22]: Column not found: 1054 Unknown column 'productname' in 'order clause'
2019-11-09 11:01:58 AM select pdo: SQLSTATE[42S22]: Column not found: 1054 Unknown column 'productname' in 'order clause'
2019-11-09 11:13:40 AM select pdo: SQLSTATE[42S22]: Column not found: 1054 Unknown column 'productname' in 'order clause'
2019-11-09 11:24:36 AM select pdo: SQLSTATE[42S22]: Column not found: 1054 Unknown column 'productname' in 'order clause'
2019-11-09 11:24:46 AM select pdo: SQLSTATE[42S22]: Column not found: 1054 Unknown column 'productname' in 'order clause'
2019-11-09 11:30:20 AM select pdo: SQLSTATE[42S22]: Column not found: 1054 Unknown column 'productname' in 'order clause'
2019-11-09 11:32:12 AM select pdo: SQLSTATE[42S22]: Column not found: 1054 Unknown column 'productname' in 'order clause'
2019-11-09 11:32:50 AM select pdo: SQLSTATE[42S22]: Column not found: 1054 Unknown column 'productname' in 'order clause'
2019-11-09 11:40:42 AM select pdo: SQLSTATE[42S22]: Column not found: 1054 Unknown column 'productname' in 'order clause'
2019-11-09 11:40:54 AM select pdo: SQLSTATE[42S22]: Column not found: 1054 Unknown column 'productname' in 'order clause'
2019-11-09 12:12:27 PM select pdo: SQLSTATE[42S22]: Column not found: 1054 Unknown column 'productname' in 'order clause'
2019-11-09 12:12:28 PM select pdo: SQLSTATE[42S22]: Column not found: 1054 Unknown column 'productname' in 'order clause'
2019-11-09 03:05:09 PM select pdo: SQLSTATE[42S22]: Column not found: 1054 Unknown column 'productname' in 'order clause'
2019-11-09 03:47:40 PM select pdo: SQLSTATE[42S22]: Column not found: 1054 Unknown column 'productname' in 'order clause'
2019-11-09 04:07:47 PM select pdo: SQLSTATE[42S22]: Column not found: 1054 Unknown column 'productname' in 'order clause'
2019-11-09 04:07:48 PM select pdo: SQLSTATE[42S22]: Column not found: 1054 Unknown column 'productname' in 'order clause'
2019-11-09 04:07:50 PM select pdo: SQLSTATE[42S22]: Column not found: 1054 Unknown column 'productname' in 'order clause'
2019-11-09 04:09:14 PM select pdo: SQLSTATE[42S22]: Column not found: 1054 Unknown column 'productname' in 'order clause'
2019-11-09 04:11:32 PM select pdo: SQLSTATE[42S22]: Column not found: 1054 Unknown column 'productname' in 'order clause'
2019-11-09 04:12:50 PM select pdo: SQLSTATE[42S22]: Column not found: 1054 Unknown column 'productname' in 'order clause'
2019-11-09 04:18:32 PM select pdo: SQLSTATE[42S22]: Column not found: 1054 Unknown column 'productname' in 'order clause'
2019-11-09 05:27:30 PM select pdo: SQLSTATE[42S22]: Column not found: 1054 Unknown column 'productname' in 'order clause'
2019-11-09 05:29:42 PM select pdo: SQLSTATE[42S22]: Column not found: 1054 Unknown column 'productname' in 'order clause'
2019-11-09 05:30:25 PM select pdo: SQLSTATE[42S22]: Column not found: 1054 Unknown column 'productname' in 'order clause'
2019-11-09 05:31:05 PM select pdo: SQLSTATE[42S22]: Column not found: 1054 Unknown column 'productname' in 'order clause'
2019-11-09 05:34:13 PM select pdo: SQLSTATE[42S22]: Column not found: 1054 Unknown column 'productname' in 'order clause'
2019-11-09 05:42:36 PM select pdo: SQLSTATE[42S22]: Column not found: 1054 Unknown column 'productname' in 'order clause'
2019-11-09 05:42:38 PM select pdo: SQLSTATE[42S22]: Column not found: 1054 Unknown column 'productname' in 'order clause'
2019-11-10 07:35:51 AM select pdo: SQLSTATE[42S22]: Column not found: 1054 Unknown column 'productname' in 'order clause'
2019-11-10 09:50:18 AM select pdo: SQLSTATE[42S22]: Column not found: 1054 Unknown column 'productname' in 'order clause'
2019-11-10 09:50:31 AM select pdo: SQLSTATE[42S22]: Column not found: 1054 Unknown column 'productname' in 'order clause'
2019-11-10 09:50:33 AM select pdo: SQLSTATE[42S22]: Column not found: 1054 Unknown column 'productname' in 'order clause'
2019-11-10 09:53:31 AM INSERT pdo: SQLSTATE[42S22]: Column not found: 1054 Unknown column 'status' in 'field list'
2019-11-10 09:53:31 AM select pdo: SQLSTATE[42S22]: Column not found: 1054 Unknown column 'productname' in 'order clause'
2019-11-10 09:57:11 AM select pdo: SQLSTATE[42S22]: Column not found: 1054 Unknown column 'productname' in 'order clause'
2019-11-10 09:57:31 AM select pdo: SQLSTATE[42S22]: Column not found: 1054 Unknown column 'productname' in 'order clause'
2019-11-10 09:59:45 AM select pdo: SQLSTATE[42S22]: Column not found: 1054 Unknown column 'productname' in 'order clause'
2019-11-10 10:01:54 AM select pdo: SQLSTATE[42S22]: Column not found: 1054 Unknown column 'productname' in 'order clause'
2019-11-10 10:10:26 AM select pdo: SQLSTATE[42S22]: Column not found: 1054 Unknown column 'productname' in 'order clause'
2019-11-10 10:10:30 AM select pdo: SQLSTATE[42S22]: Column not found: 1054 Unknown column 'productname' in 'order clause'
2019-11-10 10:14:13 AM select pdo: SQLSTATE[42S22]: Column not found: 1054 Unknown column 'productname' in 'order clause'
2019-11-10 10:14:14 AM select pdo: SQLSTATE[42S22]: Column not found: 1054 Unknown column 'productname' in 'order clause'
2019-11-10 10:20:26 AM select pdo: SQLSTATE[42S22]: Column not found: 1054 Unknown column 'productname' in 'order clause'
2019-11-10 10:20:30 AM select pdo: SQLSTATE[42S22]: Column not found: 1054 Unknown column 'productname' in 'order clause'
2019-11-10 10:20:31 AM select pdo: SQLSTATE[42S22]: Column not found: 1054 Unknown column 'productname' in 'order clause'
2019-11-10 10:20:54 AM select pdo: SQLSTATE[42S22]: Column not found: 1054 Unknown column 'productname' in 'order clause'
2019-11-10 10:21:50 AM select pdo: SQLSTATE[42S22]: Column not found: 1054 Unknown column 'productname' in 'order clause'
2019-11-10 10:22:48 AM select pdo: SQLSTATE[42S22]: Column not found: 1054 Unknown column 'productname' in 'order clause'
2019-11-10 10:23:06 AM select pdo: SQLSTATE[42S22]: Column not found: 1054 Unknown column 'productname' in 'order clause'
2019-11-10 11:27:11 AM select pdo: SQLSTATE[42S22]: Column not found: 1054 Unknown column 'productname' in 'order clause'
2019-11-10 11:27:43 AM INSERT pdo: SQLSTATE[42S22]: Column not found: 1054 Unknown column 'status' in 'field list'
2019-11-10 11:27:43 AM select pdo: SQLSTATE[42S22]: Column not found: 1054 Unknown column 'productname' in 'order clause'
2019-11-11 07:44:03 AM select pdo: SQLSTATE[42S22]: Column not found: 1054 Unknown column 'status' in 'field list'
2019-11-11 07:45:23 AM select pdo: SQLSTATE[42S22]: Column not found: 1054 Unknown column 'status' in 'field list'
2019-11-12 07:21:28 AM select pdo: SQLSTATE[42S22]: Column not found: 1054 Unknown column 'productname' in 'order clause'
2019-11-12 07:30:42 AM select pdo: SQLSTATE[42S22]: Column not found: 1054 Unknown column 'productname' in 'order clause'
2019-11-12 07:31:18 AM INSERT pdo: SQLSTATE[42S22]: Column not found: 1054 Unknown column 'status' in 'field list'
2019-11-12 07:31:18 AM select pdo: SQLSTATE[42S22]: Column not found: 1054 Unknown column 'productname' in 'order clause'
2019-11-12 07:35:05 AM select pdo: SQLSTATE[42S22]: Column not found: 1054 Unknown column 'productname' in 'order clause'
2019-11-12 07:35:50 AM INSERT pdo: SQLSTATE[42S22]: Column not found: 1054 Unknown column 'status' in 'field list'
2019-11-12 07:35:50 AM select pdo: SQLSTATE[42S22]: Column not found: 1054 Unknown column 'productname' in 'order clause'
2019-11-12 12:10:36 PM select pdo: SQLSTATE[42S22]: Column not found: 1054 Unknown column 'productname' in 'order clause'
2019-11-14 01:52:46 PM select pdo: SQLSTATE[42S22]: Column not found: 1054 Unknown column 'productname' in 'order clause'
2019-11-14 01:53:39 PM select pdo: SQLSTATE[42S22]: Column not found: 1054 Unknown column 'productname' in 'order clause'
2019-11-16 04:14:19 PM INSERT pdo: SQLSTATE[42000]: Syntax error or access violation: 1064 You have an error in your SQL syntax; check the manual that corresponds to your MariaDB server version for the right syntax to use near 's&amp;nbsp;ideal&amp;nbsp;for&amp;nbsp;arts,&amp;nbsp;crafts,&amp;nbsp;and&amp;n' at line 1
2019-11-16 04:17:30 PM INSERT pdo: SQLSTATE[42000]: Syntax error or access violation: 1064 You have an error in your SQL syntax; check the manual that corresponds to your MariaDB server version for the right syntax to use near 's ideal for arts, crafts, and school projects and find your favorite way to play' at line 1
2019-11-16 04:25:28 PM update pdo: SQLSTATE[42000]: Syntax error or access violation: 1064 You have an error in your SQL syntax; check the manual that corresponds to your MariaDB server version for the right syntax to use near 't&amp;nbsp;eat&lt;/span&gt;&lt;/div&gt;&lt;div style=&quot;&quot;&gt;&lt;span st' at line 1
2019-11-16 04:26:15 PM update pdo: SQLSTATE[42000]: Syntax error or access violation: 1064 You have an error in your SQL syntax; check the manual that corresponds to your MariaDB server version for the right syntax to use near 't&amp;nbsp;eat&lt;/span&gt;&lt;/div&gt;&lt;/div&gt;&lt;p&gt;&lt;span style=&quot' at line 1
2019-11-16 04:41:38 PM delete pdo: SQLSTATE[23000]: Integrity constraint violation: 1451 Cannot delete or update a parent row: a foreign key constraint fails (`news_800`.`news`, CONSTRAINT `news_ibfk_1` FOREIGN KEY (`cat_id`) REFERENCES `products` (`id`))
2019-11-16 04:41:53 PM delete pdo: SQLSTATE[23000]: Integrity constraint violation: 1451 Cannot delete or update a parent row: a foreign key constraint fails (`news_800`.`news`, CONSTRAINT `news_ibfk_1` FOREIGN KEY (`cat_id`) REFERENCES `products` (`id`))
2019-11-16 04:42:27 PM delete pdo: SQLSTATE[23000]: Integrity constraint violation: 1451 Cannot delete or update a parent row: a foreign key constraint fails (`news_800`.`news`, CONSTRAINT `news_ibfk_1` FOREIGN KEY (`cat_id`) REFERENCES `products` (`id`))
2019-11-16 04:44:20 PM delete pdo: SQLSTATE[23000]: Integrity constraint violation: 1451 Cannot delete or update a parent row: a foreign key constraint fails (`news_800`.`news`, CONSTRAINT `news_ibfk_1` FOREIGN KEY (`cat_id`) REFERENCES `products` (`id`))
2019-11-16 04:45:14 PM delete pdo: SQLSTATE[23000]: Integrity constraint violation: 1451 Cannot delete or update a parent row: a foreign key constraint fails (`news_800`.`news`, CONSTRAINT `news_ibfk_1` FOREIGN KEY (`cat_id`) REFERENCES `products` (`id`))
2019-11-16 04:47:42 PM delete pdo: SQLSTATE[23000]: Integrity constraint violation: 1451 Cannot delete or update a parent row: a foreign key constraint fails (`news_800`.`gallery_images`, CONSTRAINT `gallery_images_ibfk_1` FOREIGN KEY (`gallery_id`) REFERENCES `galleries` (`id`))
2019-11-16 04:47:57 PM delete pdo: SQLSTATE[23000]: Integrity constraint violation: 1451 Cannot delete or update a parent row: a foreign key constraint fails (`news_800`.`gallery_images`, CONSTRAINT `gallery_images_ibfk_1` FOREIGN KEY (`gallery_id`) REFERENCES `galleries` (`id`))
2019-11-16 04:48:53 PM delete pdo: SQLSTATE[23000]: Integrity constraint violation: 1451 Cannot delete or update a parent row: a foreign key constraint fails (`news_800`.`gallery_images`, CONSTRAINT `gallery_images_ibfk_1` FOREIGN KEY (`gallery_id`) REFERENCES `galleries` (`id`))
2019-11-16 04:50:59 PM delete pdo: SQLSTATE[23000]: Integrity constraint violation: 1451 Cannot delete or update a parent row: a foreign key constraint fails (`news_800`.`gallery_images`, CONSTRAINT `gallery_images_ibfk_1` FOREIGN KEY (`gallery_id`) REFERENCES `galleries` (`id`))
2019-11-16 04:51:28 PM delete pdo: SQLSTATE[23000]: Integrity constraint violation: 1451 Cannot delete or update a parent row: a foreign key constraint fails (`news_800`.`gallery_images`, CONSTRAINT `gallery_images_ibfk_1` FOREIGN KEY (`gallery_id`) REFERENCES `galleries` (`id`))
2019-11-16 04:51:32 PM delete pdo: SQLSTATE[23000]: Integrity constraint violation: 1451 Cannot delete or update a parent row: a foreign key constraint fails (`news_800`.`gallery_images`, CONSTRAINT `gallery_images_ibfk_1` FOREIGN KEY (`gallery_id`) REFERENCES `galleries` (`id`))
2019-11-16 04:57:45 PM delete pdo: SQLSTATE[23000]: Integrity constraint violation: 1451 Cannot delete or update a parent row: a foreign key constraint fails (`news_800`.`gallery_images`, CONSTRAINT `gallery_images_ibfk_1` FOREIGN KEY (`gallery_id`) REFERENCES `galleries` (`id`))
2019-11-16 04:59:40 PM delete pdo: SQLSTATE[23000]: Integrity constraint violation: 1451 Cannot delete or update a parent row: a foreign key constraint fails (`news_800`.`gallery_images`, CONSTRAINT `gallery_images_ibfk_1` FOREIGN KEY (`gallery_id`) REFERENCES `galleries` (`id`))
2019-11-16 05:02:13 PM delete pdo: SQLSTATE[23000]: Integrity constraint violation: 1451 Cannot delete or update a parent row: a foreign key constraint fails (`news_800`.`gallery_images`, CONSTRAINT `gallery_images_ibfk_1` FOREIGN KEY (`gallery_id`) REFERENCES `galleries` (`id`))
2019-11-16 05:29:25 PM delete pdo: SQLSTATE[23000]: Integrity constraint violation: 1451 Cannot delete or update a parent row: a foreign key constraint fails (`news_800`.`gallery_images`, CONSTRAINT `gallery_images_ibfk_1` FOREIGN KEY (`gallery_id`) REFERENCES `galleries` (`id`))
2019-11-17 11:09:44 AM delete pdo: SQLSTATE[23000]: Integrity constraint violation: 1451 Cannot delete or update a parent row: a foreign key constraint fails (`news_800`.`news`, CONSTRAINT `news_ibfk_1` FOREIGN KEY (`cat_id`) REFERENCES `products` (`id`))
2019-11-17 11:29:12 AM delete pdo: SQLSTATE[23000]: Integrity constraint violation: 1451 Cannot delete or update a parent row: a foreign key constraint fails (`news_800`.`gallery_images`, CONSTRAINT `gallery_images_ibfk_1` FOREIGN KEY (`gallery_id`) REFERENCES `galleries` (`id`))
2019-11-17 11:29:19 AM delete pdo: SQLSTATE[23000]: Integrity constraint violation: 1451 Cannot delete or update a parent row: a foreign key constraint fails (`news_800`.`gallery_images`, CONSTRAINT `gallery_images_ibfk_1` FOREIGN KEY (`gallery_id`) REFERENCES `galleries` (`id`))
2019-11-17 11:36:10 AM delete pdo: SQLSTATE[23000]: Integrity constraint violation: 1451 Cannot delete or update a parent row: a foreign key constraint fails (`news_800`.`gallery_images`, CONSTRAINT `gallery_images_ibfk_1` FOREIGN KEY (`gallery_id`) REFERENCES `galleries` (`id`))
2019-11-17 12:55:19 PM delete pdo: SQLSTATE[23000]: Integrity constraint violation: 1451 Cannot delete or update a parent row: a foreign key constraint fails (`news_800`.`gallery_images`, CONSTRAINT `gallery_images_ibfk_1` FOREIGN KEY (`gallery_id`) REFERENCES `galleries` (`id`))
2019-11-17 12:55:32 PM delete pdo: SQLSTATE[23000]: Integrity constraint violation: 1451 Cannot delete or update a parent row: a foreign key constraint fails (`news_800`.`gallery_images`, CONSTRAINT `gallery_images_ibfk_1` FOREIGN KEY (`gallery_id`) REFERENCES `galleries` (`id`))
2019-11-17 12:55:39 PM delete pdo: SQLSTATE[23000]: Integrity constraint violation: 1451 Cannot delete or update a parent row: a foreign key constraint fails (`news_800`.`gallery_images`, CONSTRAINT `gallery_images_ibfk_1` FOREIGN KEY (`gallery_id`) REFERENCES `galleries` (`id`))
2019-11-17 12:55:57 PM delete pdo: SQLSTATE[23000]: Integrity constraint violation: 1451 Cannot delete or update a parent row: a foreign key constraint fails (`news_800`.`gallery_images`, CONSTRAINT `gallery_images_ibfk_1` FOREIGN KEY (`gallery_id`) REFERENCES `galleries` (`id`))
2019-11-17 12:56:09 PM delete pdo: SQLSTATE[23000]: Integrity constraint violation: 1451 Cannot delete or update a parent row: a foreign key constraint fails (`news_800`.`gallery_images`, CONSTRAINT `gallery_images_ibfk_1` FOREIGN KEY (`gallery_id`) REFERENCES `galleries` (`id`))
2019-11-17 12:56:15 PM delete pdo: SQLSTATE[23000]: Integrity constraint violation: 1451 Cannot delete or update a parent row: a foreign key constraint fails (`news_800`.`gallery_images`, CONSTRAINT `gallery_images_ibfk_1` FOREIGN KEY (`gallery_id`) REFERENCES `galleries` (`id`))
2019-11-18 11:17:10 PM select pdo: SQLSTATE[42S22]: Column not found: 1054 Unknown column 'status' in 'where clause'
2019-11-18 11:17:10 PM select pdo: SQLSTATE[42S22]: Column not found: 1054 Unknown column 'status' in 'where clause'
2019-11-18 11:17:11 PM select pdo: SQLSTATE[42S22]: Column not found: 1054 Unknown column 'status' in 'where clause'
2019-11-18 11:17:19 PM select pdo: SQLSTATE[42S22]: Column not found: 1054 Unknown column 'status' in 'where clause'
2019-11-18 11:17:22 PM select pdo: SQLSTATE[42S22]: Column not found: 1054 Unknown column 'status' in 'where clause'
2019-11-18 11:17:22 PM select pdo: SQLSTATE[42S22]: Column not found: 1054 Unknown column 'status' in 'where clause'
2019-11-18 11:17:22 PM select pdo: SQLSTATE[42S22]: Column not found: 1054 Unknown column 'status' in 'where clause'
2019-11-18 11:17:25 PM select pdo: SQLSTATE[42S22]: Column not found: 1054 Unknown column 'status' in 'where clause'
2019-11-18 11:17:27 PM select pdo: SQLSTATE[42S22]: Column not found: 1054 Unknown column 'status' in 'where clause'
2019-11-18 11:17:27 PM select pdo: SQLSTATE[42S22]: Column not found: 1054 Unknown column 'status' in 'where clause'
2019-11-18 11:17:27 PM select pdo: SQLSTATE[42S22]: Column not found: 1054 Unknown column 'status' in 'where clause'
2019-11-18 11:23:19 PM select pdo: SQLSTATE[42S22]: Column not found: 1054 Unknown column 'status' in 'where clause'
2019-11-18 11:23:19 PM select pdo: SQLSTATE[42S22]: Column not found: 1054 Unknown column 'status' in 'where clause'
2019-11-18 11:23:19 PM select pdo: SQLSTATE[42S22]: Column not found: 1054 Unknown column 'status' in 'where clause'
2019-11-18 11:31:27 PM select pdo: SQLSTATE[42S22]: Column not found: 1054 Unknown column 'status' in 'where clause'
2019-11-18 11:31:31 PM select pdo: SQLSTATE[42S22]: Column not found: 1054 Unknown column 'status' in 'where clause'
2019-11-18 11:31:31 PM select pdo: SQLSTATE[42S22]: Column not found: 1054 Unknown column 'status' in 'where clause'
2019-11-18 11:31:31 PM select pdo: SQLSTATE[42S22]: Column not found: 1054 Unknown column 'status' in 'where clause'
2019-11-18 11:31:32 PM select pdo: SQLSTATE[42S22]: Column not found: 1054 Unknown column 'status' in 'where clause'
2019-11-18 11:31:35 PM select pdo: SQLSTATE[42S22]: Column not found: 1054 Unknown column 'status' in 'where clause'
2019-11-18 11:31:35 PM select pdo: SQLSTATE[42S22]: Column not found: 1054 Unknown column 'status' in 'where clause'
2019-11-18 11:31:35 PM select pdo: SQLSTATE[42S22]: Column not found: 1054 Unknown column 'status' in 'where clause'
2019-11-18 11:31:36 PM select pdo: SQLSTATE[42S22]: Column not found: 1054 Unknown column 'status' in 'where clause'
2019-11-18 11:31:38 PM select pdo: SQLSTATE[42S22]: Column not found: 1054 Unknown column 'status' in 'where clause'
2019-11-18 11:31:38 PM select pdo: SQLSTATE[42S22]: Column not found: 1054 Unknown column 'status' in 'where clause'
2019-11-18 11:31:38 PM select pdo: SQLSTATE[42S22]: Column not found: 1054 Unknown column 'status' in 'where clause'
2019-11-18 11:37:29 PM select pdo: SQLSTATE[42S22]: Column not found: 1054 Unknown column 'status' in 'where clause'
2019-11-18 11:37:48 PM select pdo: SQLSTATE[42S22]: Column not found: 1054 Unknown column 'status' in 'where clause'
2019-11-18 11:37:53 PM select pdo: SQLSTATE[42S22]: Column not found: 1054 Unknown column 'status' in 'where clause'
2019-11-18 11:37:57 PM select pdo: SQLSTATE[42S22]: Column not found: 1054 Unknown column 'status' in 'where clause'
2019-11-18 11:40:25 PM select pdo: SQLSTATE[42S22]: Column not found: 1054 Unknown column 'status' in 'where clause'
2019-11-18 11:40:25 PM select pdo: SQLSTATE[42S22]: Column not found: 1054 Unknown column 'status' in 'where clause'
2019-11-18 11:40:25 PM select pdo: SQLSTATE[42S22]: Column not found: 1054 Unknown column 'status' in 'where clause'
2019-11-18 11:40:29 PM select pdo: SQLSTATE[42S22]: Column not found: 1054 Unknown column 'status' in 'where clause'
2019-11-18 11:40:35 PM select pdo: SQLSTATE[42S22]: Column not found: 1054 Unknown column 'status' in 'where clause'
2019-11-18 11:40:35 PM select pdo: SQLSTATE[42S22]: Column not found: 1054 Unknown column 'status' in 'where clause'
2019-11-18 11:40:35 PM select pdo: SQLSTATE[42S22]: Column not found: 1054 Unknown column 'status' in 'where clause'
2019-11-18 11:41:29 PM select pdo: SQLSTATE[42S22]: Column not found: 1054 Unknown column 'status' in 'where clause'
2019-11-18 11:41:29 PM select pdo: SQLSTATE[42S22]: Column not found: 1054 Unknown column 'status' in 'where clause'
2019-11-18 11:41:29 PM select pdo: SQLSTATE[42S22]: Column not found: 1054 Unknown column 'status' in 'where clause'
2019-11-18 11:41:33 PM select pdo: SQLSTATE[42S22]: Column not found: 1054 Unknown column 'status' in 'where clause'
2019-11-18 11:41:37 PM select pdo: SQLSTATE[42S22]: Column not found: 1054 Unknown column 'status' in 'where clause'
2019-11-18 11:41:42 PM select pdo: SQLSTATE[42S22]: Column not found: 1054 Unknown column 'status' in 'where clause'
2019-11-18 11:41:42 PM select pdo: SQLSTATE[42S22]: Column not found: 1054 Unknown column 'status' in 'where clause'
2019-11-18 11:41:42 PM select pdo: SQLSTATE[42S22]: Column not found: 1054 Unknown column 'status' in 'where clause'
2019-11-18 11:44:11 PM select pdo: SQLSTATE[42S22]: Column not found: 1054 Unknown column 'status' in 'where clause'
2019-11-18 11:44:11 PM select pdo: SQLSTATE[42S22]: Column not found: 1054 Unknown column 'status' in 'where clause'
2019-11-18 11:44:11 PM select pdo: SQLSTATE[42S22]: Column not found: 1054 Unknown column 'status' in 'where clause'
2019-11-18 11:44:15 PM select pdo: SQLSTATE[42S22]: Column not found: 1054 Unknown column 'status' in 'where clause'
2019-11-18 11:46:33 PM select pdo: SQLSTATE[42S22]: Column not found: 1054 Unknown column 'status' in 'where clause'
2019-11-18 11:46:33 PM select pdo: SQLSTATE[42S22]: Column not found: 1054 Unknown column 'status' in 'where clause'
2019-11-18 11:46:33 PM select pdo: SQLSTATE[42S22]: Column not found: 1054 Unknown column 'status' in 'where clause'
2019-11-18 11:46:45 PM select pdo: SQLSTATE[42S22]: Column not found: 1054 Unknown column 'status' in 'where clause'
2019-11-18 11:51:11 PM select pdo: SQLSTATE[42S22]: Column not found: 1054 Unknown column 'status' in 'where clause'
2019-11-18 11:51:15 PM select pdo: SQLSTATE[42000]: Syntax error or access violation: 1064 You have an error in your SQL syntax; check the manual that corresponds to your MariaDB server version for the right syntax to use near 'ORDER BY id DESC  LIMIT  0, 1' at line 1
2019-11-18 11:51:15 PM select pdo: SQLSTATE[42S22]: Column not found: 1054 Unknown column 'status' in 'where clause'
2019-11-18 11:51:15 PM select pdo: SQLSTATE[42S22]: Column not found: 1054 Unknown column 'status' in 'where clause'
2019-11-18 11:52:09 PM select pdo: SQLSTATE[42S22]: Column not found: 1054 Unknown column 'status' in 'where clause'
2019-11-18 11:52:09 PM select pdo: SQLSTATE[42S22]: Column not found: 1054 Unknown column 'status' in 'where clause'
2019-11-18 11:52:19 PM select pdo: SQLSTATE[42S22]: Column not found: 1054 Unknown column 'status' in 'where clause'
2019-11-18 11:52:23 PM select pdo: SQLSTATE[42S22]: Column not found: 1054 Unknown column 'status' in 'where clause'
2019-11-18 11:52:25 PM select pdo: SQLSTATE[42S22]: Column not found: 1054 Unknown column 'status' in 'where clause'
2019-11-18 11:52:25 PM select pdo: SQLSTATE[42S22]: Column not found: 1054 Unknown column 'status' in 'where clause'
2019-11-18 11:56:22 PM select pdo: SQLSTATE[42S22]: Column not found: 1054 Unknown column 'status' in 'where clause'
2019-11-18 11:56:22 PM select pdo: SQLSTATE[42S22]: Column not found: 1054 Unknown column 'status' in 'where clause'
2019-11-18 11:56:23 PM select pdo: SQLSTATE[42S22]: Column not found: 1054 Unknown column 'status' in 'where clause'
2019-11-18 11:56:23 PM select pdo: SQLSTATE[42S22]: Column not found: 1054 Unknown column 'status' in 'where clause'
2019-11-18 11:56:25 PM select pdo: SQLSTATE[42S22]: Column not found: 1054 Unknown column 'status' in 'where clause'
2019-11-18 11:56:25 PM select pdo: SQLSTATE[42S22]: Column not found: 1054 Unknown column 'status' in 'where clause'
2019-11-18 11:56:28 PM select pdo: SQLSTATE[42S22]: Column not found: 1054 Unknown column 'status' in 'where clause'
2019-11-18 11:56:28 PM select pdo: SQLSTATE[42S22]: Column not found: 1054 Unknown column 'status' in 'where clause'
2019-11-18 11:56:29 PM select pdo: SQLSTATE[42S22]: Column not found: 1054 Unknown column 'status' in 'where clause'
2019-11-18 11:56:29 PM select pdo: SQLSTATE[42S22]: Column not found: 1054 Unknown column 'status' in 'where clause'
2019-11-18 11:57:37 PM select pdo: SQLSTATE[42S22]: Column not found: 1054 Unknown column 'status' in 'where clause'
2019-11-18 11:57:37 PM select pdo: SQLSTATE[42S22]: Column not found: 1054 Unknown column 'status' in 'where clause'
2019-11-19 12:16:46 AM select pdo: SQLSTATE[42S22]: Column not found: 1054 Unknown column 'status' in 'where clause'
2019-11-19 12:16:46 AM select pdo: SQLSTATE[42S22]: Column not found: 1054 Unknown column 'status' in 'where clause'
2019-11-19 12:16:57 AM select pdo: SQLSTATE[42S22]: Column not found: 1054 Unknown column 'status' in 'where clause'
2019-11-19 12:16:57 AM select pdo: SQLSTATE[42S22]: Column not found: 1054 Unknown column 'status' in 'where clause'
2019-11-19 12:21:30 AM select pdo: SQLSTATE[42S22]: Column not found: 1054 Unknown column 'status' in 'where clause'
2019-11-19 12:21:30 AM select pdo: SQLSTATE[42S22]: Column not found: 1054 Unknown column 'status' in 'where clause'
2019-11-19 12:22:42 AM select pdo: SQLSTATE[42S22]: Column not found: 1054 Unknown column 'status' in 'where clause'
2019-11-19 12:22:42 AM select pdo: SQLSTATE[42S22]: Column not found: 1054 Unknown column 'status' in 'where clause'
2019-11-19 12:22:45 AM select pdo: SQLSTATE[42S22]: Column not found: 1054 Unknown column 'status' in 'where clause'
2019-11-19 12:22:45 AM select pdo: SQLSTATE[42S22]: Column not found: 1054 Unknown column 'status' in 'where clause'
2019-11-19 12:22:45 AM select pdo: SQLSTATE[42S22]: Column not found: 1054 Unknown column 'status' in 'where clause'
2019-11-19 12:22:45 AM select pdo: SQLSTATE[42S22]: Column not found: 1054 Unknown column 'status' in 'where clause'
2019-11-19 12:29:20 AM select pdo: SQLSTATE[42S22]: Column not found: 1054 Unknown column 'status' in 'where clause'
2019-11-19 12:29:20 AM select pdo: SQLSTATE[42S22]: Column not found: 1054 Unknown column 'status' in 'where clause'
2019-11-19 12:29:28 AM select pdo: SQLSTATE[42S22]: Column not found: 1054 Unknown column 'status' in 'where clause'
2019-11-19 12:29:28 AM select pdo: SQLSTATE[42S22]: Column not found: 1054 Unknown column 'status' in 'where clause'
2019-11-19 12:30:32 AM select pdo: SQLSTATE[42S22]: Column not found: 1054 Unknown column 'status' in 'where clause'
2019-11-19 12:30:32 AM select pdo: SQLSTATE[42S22]: Column not found: 1054 Unknown column 'status' in 'where clause'
2019-11-19 12:31:06 AM select pdo: SQLSTATE[42S22]: Column not found: 1054 Unknown column 'status' in 'where clause'
2019-11-19 12:31:06 AM select pdo: SQLSTATE[42S22]: Column not found: 1054 Unknown column 'status' in 'where clause'
2019-11-19 12:31:13 AM select pdo: SQLSTATE[42S22]: Column not found: 1054 Unknown column 'status' in 'where clause'
2019-11-19 12:31:13 AM select pdo: SQLSTATE[42S22]: Column not found: 1054 Unknown column 'status' in 'where clause'
2019-11-19 07:39:34 AM select pdo: SQLSTATE[42S22]: Column not found: 1054 Unknown column 'status' in 'where clause'
2019-11-19 07:39:34 AM select pdo: SQLSTATE[42S22]: Column not found: 1054 Unknown column 'status' in 'where clause'
2019-11-19 07:39:35 AM select pdo: SQLSTATE[42S22]: Column not found: 1054 Unknown column 'status' in 'where clause'
2019-11-19 07:39:35 AM select pdo: SQLSTATE[42S22]: Column not found: 1054 Unknown column 'status' in 'where clause'
2019-11-19 07:43:24 AM select pdo: SQLSTATE[42S22]: Column not found: 1054 Unknown column 'status' in 'where clause'
2019-11-19 07:43:24 AM select pdo: SQLSTATE[42S22]: Column not found: 1054 Unknown column 'status' in 'where clause'
2019-11-19 07:43:24 AM select pdo: SQLSTATE[42S22]: Column not found: 1054 Unknown column 'status' in 'where clause'
2019-11-19 07:43:24 AM select pdo: SQLSTATE[42S22]: Column not found: 1054 Unknown column 'status' in 'where clause'
2019-11-19 07:43:31 AM select pdo: SQLSTATE[42S22]: Column not found: 1054 Unknown column 'status' in 'where clause'
2019-11-19 07:43:38 AM select pdo: SQLSTATE[42S22]: Column not found: 1054 Unknown column 'status' in 'where clause'
2019-11-19 07:44:52 AM select pdo: SQLSTATE[42S22]: Column not found: 1054 Unknown column 'status' in 'where clause'
2019-11-19 07:44:52 AM select pdo: SQLSTATE[42S22]: Column not found: 1054 Unknown column 'status' in 'where clause'
2019-11-24 08:53:58 AM select pdo: SQLSTATE[42S22]: Column not found: 1054 Unknown column 'status' in 'where clause'
2019-11-24 08:53:58 AM select pdo: SQLSTATE[42S22]: Column not found: 1054 Unknown column 'status' in 'where clause'
2019-11-24 08:53:58 AM select pdo: SQLSTATE[42S22]: Column not found: 1054 Unknown column 'status' in 'where clause'
2019-11-24 08:53:58 AM select pdo: SQLSTATE[42S22]: Column not found: 1054 Unknown column 'status' in 'where clause'
2019-11-24 08:54:49 AM select pdo: SQLSTATE[42S22]: Column not found: 1054 Unknown column 'status' in 'where clause'
2019-11-24 08:54:49 AM select pdo: SQLSTATE[42S22]: Column not found: 1054 Unknown column 'status' in 'where clause'
2019-11-24 08:55:53 AM select pdo: SQLSTATE[42S22]: Column not found: 1054 Unknown column 'status' in 'where clause'
2019-11-24 08:55:53 AM select pdo: SQLSTATE[42S22]: Column not found: 1054 Unknown column 'status' in 'where clause'
2019-11-24 08:58:09 AM select pdo: SQLSTATE[42S22]: Column not found: 1054 Unknown column 'status' in 'where clause'
2019-11-24 08:58:09 AM select pdo: SQLSTATE[42S22]: Column not found: 1054 Unknown column 'status' in 'where clause'
2019-11-24 09:21:30 AM select pdo: SQLSTATE[42S22]: Column not found: 1054 Unknown column 'status' in 'where clause'
2019-11-24 09:21:30 AM select pdo: SQLSTATE[42S22]: Column not found: 1054 Unknown column 'status' in 'where clause'
2019-11-25 04:08:57 AM select pdo: SQLSTATE[42S22]: Column not found: 1054 Unknown column 'status' in 'where clause'
2019-11-25 04:08:57 AM select pdo: SQLSTATE[42S22]: Column not found: 1054 Unknown column 'status' in 'where clause'
2019-11-25 04:15:20 AM select pdo: SQLSTATE[42S22]: Column not found: 1054 Unknown column 'status' in 'where clause'
2019-11-25 04:15:29 AM select pdo: SQLSTATE[42S22]: Column not found: 1054 Unknown column 'status' in 'where clause'
2019-11-25 04:16:15 AM select pdo: SQLSTATE[42S22]: Column not found: 1054 Unknown column 'status' in 'where clause'
2019-11-25 04:16:17 AM select pdo: SQLSTATE[42S22]: Column not found: 1054 Unknown column 'status' in 'where clause'
2019-11-25 04:16:20 AM select pdo: SQLSTATE[42S22]: Column not found: 1054 Unknown column 'status' in 'where clause'
2019-11-25 04:50:36 AM select pdo: SQLSTATE[42S22]: Column not found: 1054 Unknown column 'status' in 'where clause'
2019-11-25 04:50:43 AM select pdo: SQLSTATE[42S22]: Column not found: 1054 Unknown column 'status' in 'where clause'
2019-11-25 04:50:43 AM select pdo: SQLSTATE[42S22]: Column not found: 1054 Unknown column 'status' in 'where clause'
2019-11-25 04:51:30 AM select pdo: SQLSTATE[42S22]: Column not found: 1054 Unknown column 'status' in 'where clause'
2019-11-25 04:51:30 AM select pdo: SQLSTATE[42S22]: Column not found: 1054 Unknown column 'status' in 'where clause'
2019-11-25 04:51:51 AM select pdo: SQLSTATE[42S22]: Column not found: 1054 Unknown column 'status' in 'where clause'
2019-11-25 04:51:51 AM select pdo: SQLSTATE[42S22]: Column not found: 1054 Unknown column 'status' in 'where clause'
2019-11-25 05:06:02 AM select pdo: SQLSTATE[42S22]: Column not found: 1054 Unknown column 'status' in 'where clause'
2019-11-25 05:06:02 AM select pdo: SQLSTATE[42S22]: Column not found: 1054 Unknown column 'status' in 'where clause'
2019-11-25 05:08:04 AM select pdo: SQLSTATE[42S22]: Column not found: 1054 Unknown column 'status' in 'where clause'
2019-11-25 05:08:04 AM select pdo: SQLSTATE[42S22]: Column not found: 1054 Unknown column 'status' in 'where clause'
2019-11-25 05:08:28 AM select pdo: SQLSTATE[42S22]: Column not found: 1054 Unknown column 'status' in 'where clause'
2019-11-25 05:08:28 AM select pdo: SQLSTATE[42S22]: Column not found: 1054 Unknown column 'status' in 'where clause'
2019-11-25 05:08:33 AM select pdo: SQLSTATE[42S22]: Column not found: 1054 Unknown column 'status' in 'where clause'
2019-11-25 05:08:33 AM select pdo: SQLSTATE[42S22]: Column not found: 1054 Unknown column 'status' in 'where clause'
2019-11-25 05:09:27 AM select pdo: SQLSTATE[42S22]: Column not found: 1054 Unknown column 'status' in 'where clause'
2019-11-25 05:09:27 AM select pdo: SQLSTATE[42S22]: Column not found: 1054 Unknown column 'status' in 'where clause'
2019-11-25 05:09:34 AM select pdo: SQLSTATE[42S22]: Column not found: 1054 Unknown column 'status' in 'where clause'
2019-11-25 05:09:34 AM select pdo: SQLSTATE[42S22]: Column not found: 1054 Unknown column 'status' in 'where clause'
2019-11-25 05:09:47 AM select pdo: SQLSTATE[42S22]: Column not found: 1054 Unknown column 'status' in 'where clause'
2019-11-25 05:09:47 AM select pdo: SQLSTATE[42S22]: Column not found: 1054 Unknown column 'status' in 'where clause'
2019-11-25 05:10:05 AM select pdo: SQLSTATE[42S22]: Column not found: 1054 Unknown column 'status' in 'where clause'
2019-11-25 05:10:05 AM select pdo: SQLSTATE[42S22]: Column not found: 1054 Unknown column 'status' in 'where clause'
2019-11-25 05:10:32 AM select pdo: SQLSTATE[42S22]: Column not found: 1054 Unknown column 'status' in 'where clause'
2019-11-25 05:10:32 AM select pdo: SQLSTATE[42S22]: Column not found: 1054 Unknown column 'status' in 'where clause'
2019-11-25 05:13:06 AM select pdo: SQLSTATE[42S22]: Column not found: 1054 Unknown column 'status' in 'where clause'
2019-11-25 05:13:08 AM select pdo: SQLSTATE[42S22]: Column not found: 1054 Unknown column 'status' in 'where clause'
2019-11-25 05:13:10 AM select pdo: SQLSTATE[42S22]: Column not found: 1054 Unknown column 'status' in 'where clause'
2019-11-25 05:13:11 AM select pdo: SQLSTATE[42S22]: Column not found: 1054 Unknown column 'status' in 'where clause'
2019-11-25 05:13:13 AM select pdo: SQLSTATE[42S22]: Column not found: 1054 Unknown column 'status' in 'where clause'
2019-11-25 05:13:46 AM select pdo: SQLSTATE[42S22]: Column not found: 1054 Unknown column 'status' in 'where clause'
2019-11-25 05:13:48 AM select pdo: SQLSTATE[42S22]: Column not found: 1054 Unknown column 'status' in 'where clause'
2019-11-25 05:14:03 AM select pdo: SQLSTATE[42S22]: Column not found: 1054 Unknown column 'status' in 'where clause'
2019-11-25 05:14:05 AM select pdo: SQLSTATE[42S22]: Column not found: 1054 Unknown column 'status' in 'where clause'
2019-11-25 05:14:33 AM select pdo: SQLSTATE[42S22]: Column not found: 1054 Unknown column 'status' in 'where clause'
2019-11-25 05:14:44 AM select pdo: SQLSTATE[42S22]: Column not found: 1054 Unknown column 'status' in 'where clause'
2019-11-25 05:14:44 AM select pdo: SQLSTATE[42S22]: Column not found: 1054 Unknown column 'status' in 'where clause'
2019-11-25 05:15:44 AM select pdo: SQLSTATE[42S22]: Column not found: 1054 Unknown column 'status' in 'where clause'
2019-11-25 05:15:44 AM select pdo: SQLSTATE[42S22]: Column not found: 1054 Unknown column 'status' in 'where clause'
2019-11-25 05:15:46 AM select pdo: SQLSTATE[42S22]: Column not found: 1054 Unknown column 'status' in 'where clause'
2019-11-25 05:15:46 AM select pdo: SQLSTATE[42S22]: Column not found: 1054 Unknown column 'status' in 'where clause'
2019-11-25 05:15:47 AM select pdo: SQLSTATE[42S22]: Column not found: 1054 Unknown column 'status' in 'where clause'
2019-11-25 05:17:34 AM select pdo: SQLSTATE[42S22]: Column not found: 1054 Unknown column 'status' in 'where clause'
2019-11-25 05:17:34 AM select pdo: SQLSTATE[42S22]: Column not found: 1054 Unknown column 'status' in 'where clause'
2019-11-25 05:18:01 AM select pdo: SQLSTATE[42S22]: Column not found: 1054 Unknown column 'status' in 'where clause'
2019-11-25 05:18:01 AM select pdo: SQLSTATE[42S22]: Column not found: 1054 Unknown column 'status' in 'where clause'
2019-11-25 05:18:03 AM select pdo: SQLSTATE[42S22]: Column not found: 1054 Unknown column 'status' in 'where clause'
2019-11-25 05:18:03 AM select pdo: SQLSTATE[42S22]: Column not found: 1054 Unknown column 'status' in 'where clause'
2019-11-25 05:18:14 AM select pdo: SQLSTATE[42S22]: Column not found: 1054 Unknown column 'status' in 'where clause'
2019-11-25 05:18:14 AM select pdo: SQLSTATE[42S22]: Column not found: 1054 Unknown column 'status' in 'where clause'
2019-11-25 05:22:19 AM select pdo: SQLSTATE[42S22]: Column not found: 1054 Unknown column 'status' in 'where clause'
2019-11-25 05:22:19 AM select pdo: SQLSTATE[42S22]: Column not found: 1054 Unknown column 'status' in 'where clause'
2019-11-25 05:22:21 AM select pdo: SQLSTATE[42S22]: Column not found: 1054 Unknown column 'status' in 'where clause'
2019-11-25 05:22:24 AM select pdo: SQLSTATE[42S22]: Column not found: 1054 Unknown column 'status' in 'where clause'
2019-11-25 05:22:25 AM select pdo: SQLSTATE[42S22]: Column not found: 1054 Unknown column 'status' in 'where clause'
2019-11-25 05:25:41 AM select pdo: SQLSTATE[42S22]: Column not found: 1054 Unknown column 'status' in 'where clause'
2019-11-25 05:25:43 AM select pdo: SQLSTATE[42S22]: Column not found: 1054 Unknown column 'status' in 'where clause'
2019-11-25 05:25:43 AM select pdo: SQLSTATE[42S22]: Column not found: 1054 Unknown column 'status' in 'where clause'
2019-11-25 05:39:59 AM select pdo: SQLSTATE[42S22]: Column not found: 1054 Unknown column 'status' in 'where clause'
2019-11-25 05:39:59 AM select pdo: SQLSTATE[42S22]: Column not found: 1054 Unknown column 'status' in 'where clause'
2019-11-25 05:51:36 AM delete pdo: SQLSTATE[23000]: Integrity constraint violation: 1451 Cannot delete or update a parent row: a foreign key constraint fails (`news_800`.`news`, CONSTRAINT `news_ibfk_1` FOREIGN KEY (`cat_id`) REFERENCES `products` (`id`))
2019-11-25 06:06:05 AM INSERT pdo: SQLSTATE[HY000]: General error: 2006 MySQL server has gone away
2019-11-25 06:07:56 AM INSERT pdo: SQLSTATE[HY000]: General error: 2006 MySQL server has gone away
2019-11-25 06:09:46 AM update pdo: SQLSTATE[HY000]: General error: 2006 MySQL server has gone away
2019-11-28 09:23:11 AM INSERT pdo: SQLSTATE[42000]: Syntax error or access violation: 1064 You have an error in your SQL syntax; check the manual that corresponds to your MariaDB server version for the right syntax to use near 's an irreplaceable spin toy for those who are trying to quit bad habits like nai' at line 1
2019-11-28 09:31:24 AM update pdo: SQLSTATE[42000]: Syntax error or access violation: 1064 You have an error in your SQL syntax; check the manual that corresponds to your MariaDB server version for the right syntax to use near 'Large Screen Preloaded 100 HD Classic Retro Video Games no Need WiFi USB Recharg' at line 1
2019-11-28 09:32:38 AM update pdo: SQLSTATE[42000]: Syntax error or access violation: 1064 You have an error in your SQL syntax; check the manual that corresponds to your MariaDB server version for the right syntax to use near 'Large Screen Preloaded 100 HD Classic Retro Video Games no Need WiFi USB Recharg' at line 1
2019-11-28 09:33:15 AM update pdo: SQLSTATE[42000]: Syntax error or access violation: 1064 You have an error in your SQL syntax; check the manual that corresponds to your MariaDB server version for the right syntax to use near 'Large Screen Preloaded 100 HD Classic Retro Video Games no Need WiFi USB Recharg' at line 1
2019-11-28 09:33:34 AM update pdo: SQLSTATE[42000]: Syntax error or access violation: 1064 You have an error in your SQL syntax; check the manual that corresponds to your MariaDB server version for the right syntax to use near 'Large Screen Preloaded 100 HD Classic Retro Video Games no Need WiFi USB Recharg' at line 1
2019-11-28 09:33:50 AM update pdo: SQLSTATE[42000]: Syntax error or access violation: 1064 You have an error in your SQL syntax; check the manual that corresponds to your MariaDB server version for the right syntax to use near 'Large Screen Preloaded 100 HD Classic Retro Video Games no Need WiFi USB Recharg' at line 1
2019-11-28 09:34:43 AM update pdo: SQLSTATE[42000]: Syntax error or access violation: 1064 You have an error in your SQL syntax; check the manual that corresponds to your MariaDB server version for the right syntax to use near 'Large Screen Preloaded 100 HD Classic Retro Video Games no Need WiFi USB Recharg' at line 1
2019-11-30 02:48:46 PM INSERT pdo: SQLSTATE[42000]: Syntax error or access violation: 1064 You have an error in your SQL syntax; check the manual that corresponds to your MariaDB server version for the right syntax to use near 'ink is made of special high-brightness compounds that are invisible to the naked' at line 1
2019-11-30 02:50:26 PM INSERT pdo: SQLSTATE[42000]: Syntax error or access violation: 1064 You have an error in your SQL syntax; check the manual that corresponds to your MariaDB server version for the right syntax to use near 'ink is made of special high-brightness compounds that are invisible to the naked' at line 1
2019-11-30 02:51:20 PM INSERT pdo: SQLSTATE[42000]: Syntax error or access violation: 1064 You have an error in your SQL syntax; check the manual that corresponds to your MariaDB server version for the right syntax to use near 'ink is made of special high-brightness compounds that are invisible to the naked' at line 1
2019-11-30 02:51:57 PM INSERT pdo: SQLSTATE[42000]: Syntax error or access violation: 1064 You have an error in your SQL syntax; check the manual that corresponds to your MariaDB server version for the right syntax to use near 'ink is made of special high-brightness compounds that are invisible to the naked' at line 1
2019-11-30 04:26:19 PM INSERT pdo: SQLSTATE[42000]: Syntax error or access violation: 1064 You have an error in your SQL syntax; check the manual that corresponds to your MariaDB server version for the right syntax to use near 's Day is celebrated worldwide to recognize the contribution that fathers and fat' at line 1
2019-11-30 04:27:05 PM INSERT pdo: SQLSTATE[42000]: Syntax error or access violation: 1064 You have an error in your SQL syntax; check the manual that corresponds to your MariaDB server version for the right syntax to use near 's Day is celebrated worldwide to recognize the contribution that fathers and fat' at line 1
2019-12-14 09:56:37 AM INSERT pdo: SQLSTATE[42000]: Syntax error or access violation: 1064 You have an error in your SQL syntax; check the manual that corresponds to your MariaDB server version for the right syntax to use near 's Amazing Secrets', summary = 'Life's Amazing Secrets: How to Find Balance and P' at line 1
2019-12-14 09:57:28 AM INSERT pdo: SQLSTATE[42000]: Syntax error or access violation: 1064 You have an error in your SQL syntax; check the manual that corresponds to your MariaDB server version for the right syntax to use near 's Amazing Secrets', summary = 'Life's Amazing Secrets: How to Find Balance and P' at line 1
2019-12-14 09:58:02 AM INSERT pdo: SQLSTATE[42000]: Syntax error or access violation: 1064 You have an error in your SQL syntax; check the manual that corresponds to your MariaDB server version for the right syntax to use near 's Amazing Secrets', summary = 'Life's Amazing Secrets: How to Find Balance and P' at line 1
2019-12-14 09:58:19 AM INSERT pdo: SQLSTATE[42000]: Syntax error or access violation: 1064 You have an error in your SQL syntax; check the manual that corresponds to your MariaDB server version for the right syntax to use near 's Amazing Secrets', summary = 'Life's Amazing Secrets: How to Find Balance and P' at line 1
2019-12-14 09:59:00 AM INSERT pdo: SQLSTATE[42000]: Syntax error or access violation: 1064 You have an error in your SQL syntax; check the manual that corresponds to your MariaDB server version for the right syntax to use near 's Amazing Secrets', summary = 'Life's Amazing Secrets: How to Find Balance and P' at line 1
2019-12-14 09:59:50 AM INSERT pdo: SQLSTATE[42000]: Syntax error or access violation: 1064 You have an error in your SQL syntax; check the manual that corresponds to your MariaDB server version for the right syntax to use near 's Amazing Secrets', summary = 'Life's Amazing Secrets:How to Find Balance and Pu' at line 1
2019-12-14 10:01:17 AM INSERT pdo: SQLSTATE[42000]: Syntax error or access violation: 1064 You have an error in your SQL syntax; check the manual that corresponds to your MariaDB server version for the right syntax to use near 's Amazing Secret', summary = '
Life's Amazing Secret : HOW TO FIND BALANCE AND ' at line 1
2019-12-14 10:01:42 AM INSERT pdo: SQLSTATE[42000]: Syntax error or access violation: 1064 You have an error in your SQL syntax; check the manual that corresponds to your MariaDB server version for the right syntax to use near 's Amazing Secret', summary = 'Life's Amazing Secret', description = '&lt;p&gt;nj' at line 1
2019-12-14 10:02:40 AM update pdo: SQLSTATE[42000]: Syntax error or access violation: 1064 You have an error in your SQL syntax; check the manual that corresponds to your MariaDB server version for the right syntax to use near 's Amazing Secrets: How to Find Balance and Purpose in Your Life', description = ' at line 1
2019-12-14 10:03:44 AM update pdo: SQLSTATE[42000]: Syntax error or access violation: 1064 You have an error in your SQL syntax; check the manual that corresponds to your MariaDB server version for the right syntax to use near 'The Ideal Young Spiritual Guru', conferred upon him by the Indian Student Parlia' at line 1
2019-12-14 10:04:49 AM update pdo: SQLSTATE[42000]: Syntax error or access violation: 1064 You have an error in your SQL syntax; check the manual that corresponds to your MariaDB server version for the right syntax to use near 'The Ideal Young Spiritual Guru', conferred upon him by the Indian Student Parlia' at line 1
2019-12-14 10:06:17 AM update pdo: SQLSTATE[42000]: Syntax error or access violation: 1064 You have an error in your SQL syntax; check the manual that corresponds to your MariaDB server version for the right syntax to use near 'The Ideal Young Spiritual Guru', conferred upon him by the Indian Student Parlia' at line 1
2019-12-14 10:08:18 AM update pdo: SQLSTATE[42000]: Syntax error or access violation: 1064 You have an error in your SQL syntax; check the manual that corresponds to your MariaDB server version for the right syntax to use near 's horrendous traffic, Gaur Gopal Das and his wealthy young friend Harry get talk' at line 1
2019-12-14 10:18:05 AM update pdo: SQLSTATE[42000]: Syntax error or access violation: 1064 You have an error in your SQL syntax; check the manual that corresponds to your MariaDB server version for the right syntax to use near 'The Ideal Young Spiritual Guru', conferred upon him by the Indian Student Parlia' at line 1
